1558475610624	mozrunner::runner	INFO	Running command: "/usr/bin/firefox" "-marionette" "-private" "-foreground" "-no-remote" "-profile" "/tmp/rust_mozprofile.QpVpovosDPjN"
1558475611015	addons.webextension.screenshots@mozilla.org	WARN	Loading extension 'screenshots@mozilla.org': Reading manifest: Invalid extension permission: mozillaAddons
1558475611016	addons.webextension.screenshots@mozilla.org	WARN	Loading extension 'screenshots@mozilla.org': Reading manifest: Invalid extension permission: resource://pdf.js/
1558475611016	addons.webextension.screenshots@mozilla.org	WARN	Loading extension 'screenshots@mozilla.org': Reading manifest: Invalid extension permission: about:reader*
1558475611106	addons.xpi-utils	WARN	Add-on langpack-en-CA@firefox.mozilla.org is not compatible with application version.
1558475611106	addons.xpi-utils	WARN	Add-on langpack-en-CA@firefox.mozilla.org is not compatible with application version.
1558475611107	addons.xpi-utils	WARN	Add-on langpack-en-CA@firefox.mozilla.org is not compatible with application version.
1558475611112	addons.xpi-utils	WARN	Add-on langpack-en-ZA@firefox.mozilla.org is not compatible with application version.
1558475611112	addons.xpi-utils	WARN	Add-on langpack-en-ZA@firefox.mozilla.org is not compatible with application version.
1558475611113	addons.xpi-utils	WARN	Add-on langpack-en-ZA@firefox.mozilla.org is not compatible with application version.
1558475611117	addons.xpi-utils	WARN	Add-on langpack-en-GB@firefox.mozilla.org is not compatible with application version.
1558475611117	addons.xpi-utils	WARN	Add-on langpack-en-GB@firefox.mozilla.org is not compatible with application version.
1558475611118	addons.xpi-utils	WARN	Add-on langpack-en-GB@firefox.mozilla.org is not compatible with application version.
JavaScript error: chrome://browser/content/aboutPrivateBrowsing.js, line 11: ReferenceError: RPMIsWindowPrivate is not defined
1558475613492	Marionette	INFO	Listening on port 37851
1558475613586	Marionette	WARN	TLS certificate errors will be ignored for this session
JavaScript error: resource://activity-stream/lib/ActivityStreamPrefs.jsm, line 23: NS_ERROR_ILLEGAL_VALUE: Component returned failure code: 0x80070057 (NS_ERROR_ILLEGAL_VALUE) [nsIPrefBranch.removeObserver]
[Parent 1299, Gecko_IOThread] WARNING: pipe error (83): Connection reset by peer: file /build/firefox-SOyC__/firefox-66.0.5+linuxmint1+tessa/ipc/chromium/src/chrome/common/ipc_channel_posix.cc, line 357
[Parent 1299, Gecko_IOThread] WARNING: pipe error (77): Connection reset by peer: file /build/firefox-SOyC__/firefox-66.0.5+linuxmint1+tessa/ipc/chromium/src/chrome/common/ipc_channel_posix.cc, line 357

###!!! [Parent][DispatchAsyncMessage] Error: PBackgroundIDBFactory::Msg_PBackgroundIDBFactoryRequestConstructor Value error: message was deserialized, but contained an illegal value


###!!! [Parent][DispatchAsyncMessage] Error: PBackgroundIDBFactory::Msg_PBackgroundIDBFactoryRequestConstructor Value error: message was deserialized, but contained an illegal value

1558475615803	Marionette	INFO	Stopped listening on port 37851
1558475626969	mozrunner::runner	INFO	Running command: "/usr/bin/firefox" "-marionette" "-foreground" "-no-remote" "-profile" "/tmp/rust_mozprofile.VB4Dul63YDna"
1558475627353	addons.webextension.screenshots@mozilla.org	WARN	Loading extension 'screenshots@mozilla.org': Reading manifest: Invalid extension permission: mozillaAddons
1558475627353	addons.webextension.screenshots@mozilla.org	WARN	Loading extension 'screenshots@mozilla.org': Reading manifest: Invalid extension permission: resource://pdf.js/
1558475627353	addons.webextension.screenshots@mozilla.org	WARN	Loading extension 'screenshots@mozilla.org': Reading manifest: Invalid extension permission: about:reader*
1558475627444	addons.xpi-utils	WARN	Add-on langpack-en-CA@firefox.mozilla.org is not compatible with application version.
1558475627444	addons.xpi-utils	WARN	Add-on langpack-en-CA@firefox.mozilla.org is not compatible with application version.
1558475627445	addons.xpi-utils	WARN	Add-on langpack-en-CA@firefox.mozilla.org is not compatible with application version.
1558475627450	addons.xpi-utils	WARN	Add-on langpack-en-ZA@firefox.mozilla.org is not compatible with application version.
1558475627450	addons.xpi-utils	WARN	Add-on langpack-en-ZA@firefox.mozilla.org is not compatible with application version.
1558475627451	addons.xpi-utils	WARN	Add-on langpack-en-ZA@firefox.mozilla.org is not compatible with application version.
1558475627455	addons.xpi-utils	WARN	Add-on langpack-en-GB@firefox.mozilla.org is not compatible with application version.
1558475627456	addons.xpi-utils	WARN	Add-on langpack-en-GB@firefox.mozilla.org is not compatible with application version.
1558475627456	addons.xpi-utils	WARN	Add-on langpack-en-GB@firefox.mozilla.org is not compatible with application version.
1558475629707	Marionette	INFO	Listening on port 33559
1558475629815	Marionette	WARN	TLS certificate errors will be ignored for this session
JavaScript error: resource://activity-stream/lib/ActivityStreamPrefs.jsm, line 23: NS_ERROR_ILLEGAL_VALUE: Component returned failure code: 0x80070057 (NS_ERROR_ILLEGAL_VALUE) [nsIPrefBranch.removeObserver]
[Parent 1558, Gecko_IOThread] WARNING: pipe error (63): Connection reset by peer: file /build/firefox-SOyC__/firefox-66.0.5+linuxmint1+tessa/ipc/chromium/src/chrome/common/ipc_channel_posix.cc, line 357

###!!! [Parent][DispatchAsyncMessage] Error: PBackgroundIDBFactory::Msg_PBackgroundIDBFactoryRequestConstructor Value error: message was deserialized, but contained an illegal value


###!!! [Parent][DispatchAsyncMessage] Error: PBackgroundIDBFactory::Msg_PBackgroundIDBFactoryRequestConstructor Value error: message was deserialized, but contained an illegal value

1558475632066	Marionette	INFO	Stopped listening on port 33559
1558475778249	mozrunner::runner	INFO	Running command: "/usr/bin/firefox" "-marionette" "-foreground" "-no-remote" "-profile" "/tmp/rust_mozprofile.nZLYPq6nHlAf"
1558475778651	addons.webextension.screenshots@mozilla.org	WARN	Loading extension 'screenshots@mozilla.org': Reading manifest: Invalid extension permission: mozillaAddons
1558475778651	addons.webextension.screenshots@mozilla.org	WARN	Loading extension 'screenshots@mozilla.org': Reading manifest: Invalid extension permission: resource://pdf.js/
1558475778651	addons.webextension.screenshots@mozilla.org	WARN	Loading extension 'screenshots@mozilla.org': Reading manifest: Invalid extension permission: about:reader*
1558475778737	addons.xpi-utils	WARN	Add-on langpack-en-CA@firefox.mozilla.org is not compatible with application version.
1558475778738	addons.xpi-utils	WARN	Add-on langpack-en-CA@firefox.mozilla.org is not compatible with application version.
1558475778738	addons.xpi-utils	WARN	Add-on langpack-en-CA@firefox.mozilla.org is not compatible with application version.
1558475778743	addons.xpi-utils	WARN	Add-on langpack-en-ZA@firefox.mozilla.org is not compatible with application version.
1558475778744	addons.xpi-utils	WARN	Add-on langpack-en-ZA@firefox.mozilla.org is not compatible with application version.
1558475778744	addons.xpi-utils	WARN	Add-on langpack-en-ZA@firefox.mozilla.org is not compatible with application version.
1558475778748	addons.xpi-utils	WARN	Add-on langpack-en-GB@firefox.mozilla.org is not compatible with application version.
1558475778749	addons.xpi-utils	WARN	Add-on langpack-en-GB@firefox.mozilla.org is not compatible with application version.
1558475778749	addons.xpi-utils	WARN	Add-on langpack-en-GB@firefox.mozilla.org is not compatible with application version.
1558475781029	Marionette	INFO	Listening on port 39721
1558475781067	Marionette	WARN	TLS certificate errors will be ignored for this session
[Child 2039, Chrome_ChildThread] WARNING: pipe error: Broken pipe: file /build/firefox-SOyC__/firefox-66.0.5+linuxmint1+tessa/ipc/chromium/src/chrome/common/ipc_channel_posix.cc, line 726
[Child 2039, Chrome_ChildThread] WARNING: pipe error: Broken pipe: file /build/firefox-SOyC__/firefox-66.0.5+linuxmint1+tessa/ipc/chromium/src/chrome/common/ipc_channel_posix.cc, line 726
[Parent 1902, Gecko_IOThread] WARNING: pipe error (77): Connection reset by peer: file /build/firefox-SOyC__/firefox-66.0.5+linuxmint1+tessa/ipc/chromium/src/chrome/common/ipc_channel_posix.cc, line 357
[Parent 1902, Gecko_IOThread] WARNING: pipe error (80): Connection reset by peer: file /build/firefox-SOyC__/firefox-66.0.5+linuxmint1+tessa/ipc/chromium/src/chrome/common/ipc_channel_posix.cc, line 357
1558475787665	Marionette	INFO	Stopped listening on port 39721
1558475792650	mozrunner::runner	INFO	Running command: "/usr/bin/firefox" "-marionette" "-foreground" "-no-remote" "-profile" "/tmp/rust_mozprofile.xHdBJYniK5P6"
1558475793047	addons.webextension.screenshots@mozilla.org	WARN	Loading extension 'screenshots@mozilla.org': Reading manifest: Invalid extension permission: mozillaAddons
1558475793048	addons.webextension.screenshots@mozilla.org	WARN	Loading extension 'screenshots@mozilla.org': Reading manifest: Invalid extension permission: resource://pdf.js/
1558475793048	addons.webextension.screenshots@mozilla.org	WARN	Loading extension 'screenshots@mozilla.org': Reading manifest: Invalid extension permission: about:reader*
1558475793134	addons.xpi-utils	WARN	Add-on langpack-en-CA@firefox.mozilla.org is not compatible with application version.
1558475793135	addons.xpi-utils	WARN	Add-on langpack-en-CA@firefox.mozilla.org is not compatible with application version.
1558475793135	addons.xpi-utils	WARN	Add-on langpack-en-CA@firefox.mozilla.org is not compatible with application version.
1558475793140	addons.xpi-utils	WARN	Add-on langpack-en-ZA@firefox.mozilla.org is not compatible with application version.
1558475793141	addons.xpi-utils	WARN	Add-on langpack-en-ZA@firefox.mozilla.org is not compatible with application version.
1558475793141	addons.xpi-utils	WARN	Add-on langpack-en-ZA@firefox.mozilla.org is not compatible with application version.
1558475793146	addons.xpi-utils	WARN	Add-on langpack-en-GB@firefox.mozilla.org is not compatible with application version.
1558475793146	addons.xpi-utils	WARN	Add-on langpack-en-GB@firefox.mozilla.org is not compatible with application version.
1558475793147	addons.xpi-utils	WARN	Add-on langpack-en-GB@firefox.mozilla.org is not compatible with application version.
1558475795504	Marionette	INFO	Listening on port 46427
1558475795598	Marionette	WARN	TLS certificate errors will be ignored for this session
[Parent 2163, Gecko_IOThread] WARNING: pipe error (77): Connection reset by peer: file /build/firefox-SOyC__/firefox-66.0.5+linuxmint1+tessa/ipc/chromium/src/chrome/common/ipc_channel_posix.cc, line 357
[Parent 2163, Gecko_IOThread] WARNING: pipe error (80): Connection reset by peer: file /build/firefox-SOyC__/firefox-66.0.5+linuxmint1+tessa/ipc/chromium/src/chrome/common/ipc_channel_posix.cc, line 357
1558476045190	Marionette	INFO	Stopped listening on port 46427
1558476047022	mozrunner::runner	INFO	Running command: "/usr/bin/firefox" "-marionette" "-foreground" "-no-remote" "-profile" "/tmp/rust_mozprofile.kGHyMjCztnlk"
1558476047406	addons.webextension.screenshots@mozilla.org	WARN	Loading extension 'screenshots@mozilla.org': Reading manifest: Invalid extension permission: mozillaAddons
1558476047407	addons.webextension.screenshots@mozilla.org	WARN	Loading extension 'screenshots@mozilla.org': Reading manifest: Invalid extension permission: resource://pdf.js/
1558476047407	addons.webextension.screenshots@mozilla.org	WARN	Loading extension 'screenshots@mozilla.org': Reading manifest: Invalid extension permission: about:reader*
1558476047494	addons.xpi-utils	WARN	Add-on langpack-en-CA@firefox.mozilla.org is not compatible with application version.
1558476047495	addons.xpi-utils	WARN	Add-on langpack-en-CA@firefox.mozilla.org is not compatible with application version.
1558476047495	addons.xpi-utils	WARN	Add-on langpack-en-CA@firefox.mozilla.org is not compatible with application version.
1558476047500	addons.xpi-utils	WARN	Add-on langpack-en-ZA@firefox.mozilla.org is not compatible with application version.
1558476047501	addons.xpi-utils	WARN	Add-on langpack-en-ZA@firefox.mozilla.org is not compatible with application version.
1558476047501	addons.xpi-utils	WARN	Add-on langpack-en-ZA@firefox.mozilla.org is not compatible with application version.
1558476047505	addons.xpi-utils	WARN	Add-on langpack-en-GB@firefox.mozilla.org is not compatible with application version.
1558476047506	addons.xpi-utils	WARN	Add-on langpack-en-GB@firefox.mozilla.org is not compatible with application version.
1558476047506	addons.xpi-utils	WARN	Add-on langpack-en-GB@firefox.mozilla.org is not compatible with application version.
1558476050102	Marionette	INFO	Listening on port 36409
1558476050136	Marionette	WARN	TLS certificate errors will be ignored for this session
[Parent 2525, Gecko_IOThread] WARNING: pipe error (94): Connection reset by peer: file /build/firefox-SOyC__/firefox-66.0.5+linuxmint1+tessa/ipc/chromium/src/chrome/common/ipc_channel_posix.cc, line 357
[Parent 2525, Gecko_IOThread] WARNING: pipe error (69): Connection reset by peer: file /build/firefox-SOyC__/firefox-66.0.5+linuxmint1+tessa/ipc/chromium/src/chrome/common/ipc_channel_posix.cc, line 357
1558476071134	Marionette	INFO	Stopped listening on port 36409
1558476072409	mozrunner::runner	INFO	Running command: "/usr/bin/firefox" "-marionette" "-foreground" "-no-remote" "-profile" "/tmp/rust_mozprofile.qNuAWsmmE38f"
1558476072809	addons.webextension.screenshots@mozilla.org	WARN	Loading extension 'screenshots@mozilla.org': Reading manifest: Invalid extension permission: mozillaAddons
1558476072810	addons.webextension.screenshots@mozilla.org	WARN	Loading extension 'screenshots@mozilla.org': Reading manifest: Invalid extension permission: resource://pdf.js/
1558476072810	addons.webextension.screenshots@mozilla.org	WARN	Loading extension 'screenshots@mozilla.org': Reading manifest: Invalid extension permission: about:reader*
1558476072901	addons.xpi-utils	WARN	Add-on langpack-en-CA@firefox.mozilla.org is not compatible with application version.
1558476072901	addons.xpi-utils	WARN	Add-on langpack-en-CA@firefox.mozilla.org is not compatible with application version.
1558476072901	addons.xpi-utils	WARN	Add-on langpack-en-CA@firefox.mozilla.org is not compatible with application version.
1558476072907	addons.xpi-utils	WARN	Add-on langpack-en-ZA@firefox.mozilla.org is not compatible with application version.
1558476072907	addons.xpi-utils	WARN	Add-on langpack-en-ZA@firefox.mozilla.org is not compatible with application version.
1558476072907	addons.xpi-utils	WARN	Add-on langpack-en-ZA@firefox.mozilla.org is not compatible with application version.
1558476072912	addons.xpi-utils	WARN	Add-on langpack-en-GB@firefox.mozilla.org is not compatible with application version.
1558476072912	addons.xpi-utils	WARN	Add-on langpack-en-GB@firefox.mozilla.org is not compatible with application version.
1558476072913	addons.xpi-utils	WARN	Add-on langpack-en-GB@firefox.mozilla.org is not compatible with application version.
1558476075204	Marionette	INFO	Listening on port 43337
1558476075246	Marionette	WARN	TLS certificate errors will be ignored for this session
[Parent 2789, Gecko_IOThread] WARNING: pipe error (91): Connection reset by peer: file /build/firefox-SOyC__/firefox-66.0.5+linuxmint1+tessa/ipc/chromium/src/chrome/common/ipc_channel_posix.cc, line 357
[Parent 2789, Gecko_IOThread] WARNING: pipe error (107): Connection reset by peer: file /build/firefox-SOyC__/firefox-66.0.5+linuxmint1+tessa/ipc/chromium/src/chrome/common/ipc_channel_posix.cc, line 357
[Parent 2789, Gecko_IOThread] WARNING: pipe error (77): Connection reset by peer: file /build/firefox-SOyC__/firefox-66.0.5+linuxmint1+tessa/ipc/chromium/src/chrome/common/ipc_channel_posix.cc, line 357
1558476105399	Marionette	INFO	Stopped listening on port 43337
1558476189315	mozrunner::runner	INFO	Running command: "/usr/bin/firefox" "-marionette" "-foreground" "-no-remote" "-profile" "/tmp/rust_mozprofile.hlcWW0AJ1cVA"
1558476189713	addons.webextension.screenshots@mozilla.org	WARN	Loading extension 'screenshots@mozilla.org': Reading manifest: Invalid extension permission: mozillaAddons
1558476189714	addons.webextension.screenshots@mozilla.org	WARN	Loading extension 'screenshots@mozilla.org': Reading manifest: Invalid extension permission: resource://pdf.js/
1558476189714	addons.webextension.screenshots@mozilla.org	WARN	Loading extension 'screenshots@mozilla.org': Reading manifest: Invalid extension permission: about:reader*
1558476189801	addons.xpi-utils	WARN	Add-on langpack-en-CA@firefox.mozilla.org is not compatible with application version.
1558476189801	addons.xpi-utils	WARN	Add-on langpack-en-CA@firefox.mozilla.org is not compatible with application version.
1558476189802	addons.xpi-utils	WARN	Add-on langpack-en-CA@firefox.mozilla.org is not compatible with application version.
1558476189807	addons.xpi-utils	WARN	Add-on langpack-en-ZA@firefox.mozilla.org is not compatible with application version.
1558476189807	addons.xpi-utils	WARN	Add-on langpack-en-ZA@firefox.mozilla.org is not compatible with application version.
1558476189807	addons.xpi-utils	WARN	Add-on langpack-en-ZA@firefox.mozilla.org is not compatible with application version.
1558476189812	addons.xpi-utils	WARN	Add-on langpack-en-GB@firefox.mozilla.org is not compatible with application version.
1558476189812	addons.xpi-utils	WARN	Add-on langpack-en-GB@firefox.mozilla.org is not compatible with application version.
1558476189812	addons.xpi-utils	WARN	Add-on langpack-en-GB@firefox.mozilla.org is not compatible with application version.
1558476192486	Marionette	INFO	Listening on port 38915
1558476192529	Marionette	WARN	TLS certificate errors will be ignored for this session
[Parent 3172, Gecko_IOThread] WARNING: pipe error (85): Connection reset by peer: file /build/firefox-SOyC__/firefox-66.0.5+linuxmint1+tessa/ipc/chromium/src/chrome/common/ipc_channel_posix.cc, line 357
[Parent 3172, Gecko_IOThread] WARNING: pipe error (77): Connection reset by peer: file /build/firefox-SOyC__/firefox-66.0.5+linuxmint1+tessa/ipc/chromium/src/chrome/common/ipc_channel_posix.cc, line 357
1558476252820	Marionette	INFO	Stopped listening on port 38915
1558476285892	mozrunner::runner	INFO	Running command: "/usr/bin/firefox" "-marionette" "-foreground" "-no-remote" "-profile" "/tmp/rust_mozprofile.5ilIgQALOGUO"
1558476286282	addons.webextension.screenshots@mozilla.org	WARN	Loading extension 'screenshots@mozilla.org': Reading manifest: Invalid extension permission: mozillaAddons
1558476286283	addons.webextension.screenshots@mozilla.org	WARN	Loading extension 'screenshots@mozilla.org': Reading manifest: Invalid extension permission: resource://pdf.js/
1558476286283	addons.webextension.screenshots@mozilla.org	WARN	Loading extension 'screenshots@mozilla.org': Reading manifest: Invalid extension permission: about:reader*
1558476286372	addons.xpi-utils	WARN	Add-on langpack-en-CA@firefox.mozilla.org is not compatible with application version.
1558476286373	addons.xpi-utils	WARN	Add-on langpack-en-CA@firefox.mozilla.org is not compatible with application version.
1558476286373	addons.xpi-utils	WARN	Add-on langpack-en-CA@firefox.mozilla.org is not compatible with application version.
1558476286379	addons.xpi-utils	WARN	Add-on langpack-en-ZA@firefox.mozilla.org is not compatible with application version.
1558476286379	addons.xpi-utils	WARN	Add-on langpack-en-ZA@firefox.mozilla.org is not compatible with application version.
1558476286379	addons.xpi-utils	WARN	Add-on langpack-en-ZA@firefox.mozilla.org is not compatible with application version.
1558476286383	addons.xpi-utils	WARN	Add-on langpack-en-GB@firefox.mozilla.org is not compatible with application version.
1558476286384	addons.xpi-utils	WARN	Add-on langpack-en-GB@firefox.mozilla.org is not compatible with application version.
1558476286384	addons.xpi-utils	WARN	Add-on langpack-en-GB@firefox.mozilla.org is not compatible with application version.
1558476288586	Marionette	INFO	Listening on port 40229
1558476288604	Marionette	WARN	TLS certificate errors will be ignored for this session
1558476362266	mozrunner::runner	INFO	Running command: "/usr/bin/firefox" "-marionette" "-foreground" "-no-remote" "-profile" "/tmp/rust_mozprofile.iFKdA4xXa9nU"
1558476362646	addons.webextension.screenshots@mozilla.org	WARN	Loading extension 'screenshots@mozilla.org': Reading manifest: Invalid extension permission: mozillaAddons
1558476362646	addons.webextension.screenshots@mozilla.org	WARN	Loading extension 'screenshots@mozilla.org': Reading manifest: Invalid extension permission: resource://pdf.js/
1558476362647	addons.webextension.screenshots@mozilla.org	WARN	Loading extension 'screenshots@mozilla.org': Reading manifest: Invalid extension permission: about:reader*
1558476362730	addons.xpi-utils	WARN	Add-on langpack-en-CA@firefox.mozilla.org is not compatible with application version.
1558476362730	addons.xpi-utils	WARN	Add-on langpack-en-CA@firefox.mozilla.org is not compatible with application version.
1558476362730	addons.xpi-utils	WARN	Add-on langpack-en-CA@firefox.mozilla.org is not compatible with application version.
1558476362736	addons.xpi-utils	WARN	Add-on langpack-en-ZA@firefox.mozilla.org is not compatible with application version.
1558476362736	addons.xpi-utils	WARN	Add-on langpack-en-ZA@firefox.mozilla.org is not compatible with application version.
1558476362736	addons.xpi-utils	WARN	Add-on langpack-en-ZA@firefox.mozilla.org is not compatible with application version.
1558476362742	addons.xpi-utils	WARN	Add-on langpack-en-GB@firefox.mozilla.org is not compatible with application version.
1558476362742	addons.xpi-utils	WARN	Add-on langpack-en-GB@firefox.mozilla.org is not compatible with application version.
1558476362742	addons.xpi-utils	WARN	Add-on langpack-en-GB@firefox.mozilla.org is not compatible with application version.
1558476365021	Marionette	INFO	Listening on port 42315
1558476365133	Marionette	WARN	TLS certificate errors will be ignored for this session
JavaScript error: resource://activity-stream/lib/ActivityStreamPrefs.jsm, line 23: NS_ERROR_ILLEGAL_VALUE: Component returned failure code: 0x80070057 (NS_ERROR_ILLEGAL_VALUE) [nsIPrefBranch.removeObserver]
[Parent 3709, Gecko_IOThread] WARNING: pipe error (63): Connection reset by peer: file /build/firefox-SOyC__/firefox-66.0.5+linuxmint1+tessa/ipc/chromium/src/chrome/common/ipc_channel_posix.cc, line 357
[Parent 3709, Gecko_IOThread] WARNING: pipe error (77): Connection reset by peer: file /build/firefox-SOyC__/firefox-66.0.5+linuxmint1+tessa/ipc/chromium/src/chrome/common/ipc_channel_posix.cc, line 357
JavaScript error: resource://gre/modules/IndexedDB.jsm, line 349: UnknownError: The operation failed for reasons unrelated to the database itself and not covered by any other error code.
JavaScript error: resource://gre/modules/IndexedDB.jsm, line 349: UnknownError: The operation failed for reasons unrelated to the database itself and not covered by any other error code.
console.error: PushService: 
  clearOriginData: Error clearing origin data:
  UnknownError
console.error: PushService: 
  stateChangeProcessEnqueue: Error transitioning state
  UnknownError

###!!! [Parent][DispatchAsyncMessage] Error: PBackgroundIDBFactory::Msg_PBackgroundIDBFactoryRequestConstructor Value error: message was deserialized, but contained an illegal value


###!!! [Parent][DispatchAsyncMessage] Error: PBackgroundIDBFactory::Msg_PBackgroundIDBFactoryRequestConstructor Value error: message was deserialized, but contained an illegal value

1558476366802	Marionette	INFO	Stopped listening on port 42315
1558476366992	Marionette	INFO	Stopped listening on port 40229
1558476368593	mozrunner::runner	INFO	Running command: "/usr/bin/firefox" "-marionette" "-foreground" "-no-remote" "-profile" "/tmp/rust_mozprofile.D5EZAlKx3XZ5"
1558476368971	addons.webextension.screenshots@mozilla.org	WARN	Loading extension 'screenshots@mozilla.org': Reading manifest: Invalid extension permission: mozillaAddons
1558476368972	addons.webextension.screenshots@mozilla.org	WARN	Loading extension 'screenshots@mozilla.org': Reading manifest: Invalid extension permission: resource://pdf.js/
1558476368972	addons.webextension.screenshots@mozilla.org	WARN	Loading extension 'screenshots@mozilla.org': Reading manifest: Invalid extension permission: about:reader*
1558476369065	addons.xpi-utils	WARN	Add-on langpack-en-CA@firefox.mozilla.org is not compatible with application version.
1558476369065	addons.xpi-utils	WARN	Add-on langpack-en-CA@firefox.mozilla.org is not compatible with application version.
1558476369066	addons.xpi-utils	WARN	Add-on langpack-en-CA@firefox.mozilla.org is not compatible with application version.
1558476369071	addons.xpi-utils	WARN	Add-on langpack-en-ZA@firefox.mozilla.org is not compatible with application version.
1558476369071	addons.xpi-utils	WARN	Add-on langpack-en-ZA@firefox.mozilla.org is not compatible with application version.
1558476369072	addons.xpi-utils	WARN	Add-on langpack-en-ZA@firefox.mozilla.org is not compatible with application version.
1558476369076	addons.xpi-utils	WARN	Add-on langpack-en-GB@firefox.mozilla.org is not compatible with application version.
1558476369077	addons.xpi-utils	WARN	Add-on langpack-en-GB@firefox.mozilla.org is not compatible with application version.
1558476369077	addons.xpi-utils	WARN	Add-on langpack-en-GB@firefox.mozilla.org is not compatible with application version.
1558476371620	Marionette	INFO	Listening on port 41569
1558476371728	Marionette	WARN	TLS certificate errors will be ignored for this session
1558476520370	mozrunner::runner	INFO	Running command: "/usr/bin/firefox" "-marionette" "-foreground" "-no-remote" "-profile" "/tmp/rust_mozprofile.6Fmk16XYs8gc"
1558476520845	addons.webextension.screenshots@mozilla.org	WARN	Loading extension 'screenshots@mozilla.org': Reading manifest: Invalid extension permission: mozillaAddons
1558476520845	addons.webextension.screenshots@mozilla.org	WARN	Loading extension 'screenshots@mozilla.org': Reading manifest: Invalid extension permission: resource://pdf.js/
1558476520845	addons.webextension.screenshots@mozilla.org	WARN	Loading extension 'screenshots@mozilla.org': Reading manifest: Invalid extension permission: about:reader*
1558476520935	addons.xpi-utils	WARN	Add-on langpack-en-CA@firefox.mozilla.org is not compatible with application version.
1558476520935	addons.xpi-utils	WARN	Add-on langpack-en-CA@firefox.mozilla.org is not compatible with application version.
1558476520935	addons.xpi-utils	WARN	Add-on langpack-en-CA@firefox.mozilla.org is not compatible with application version.
1558476520941	addons.xpi-utils	WARN	Add-on langpack-en-ZA@firefox.mozilla.org is not compatible with application version.
1558476520941	addons.xpi-utils	WARN	Add-on langpack-en-ZA@firefox.mozilla.org is not compatible with application version.
1558476520941	addons.xpi-utils	WARN	Add-on langpack-en-ZA@firefox.mozilla.org is not compatible with application version.
1558476520945	addons.xpi-utils	WARN	Add-on langpack-en-GB@firefox.mozilla.org is not compatible with application version.
1558476520946	addons.xpi-utils	WARN	Add-on langpack-en-GB@firefox.mozilla.org is not compatible with application version.
1558476520946	addons.xpi-utils	WARN	Add-on langpack-en-GB@firefox.mozilla.org is not compatible with application version.
1558476523388	Marionette	INFO	Listening on port 44413
1558476523490	Marionette	WARN	TLS certificate errors will be ignored for this session

(/usr/lib/firefox/firefox:4673): dconf-WARNING **: 00:08:46.911: Unable to open /var/lib/flatpak/exports/share/dconf/profile/user: Permission denied

###!!! [Child][RunMessage] Error: Channel closing: too late to send/recv, messages will be lost

[Parent 4535, Gecko_IOThread] WARNING: pipe error (63): Connection reset by peer: file /build/firefox-SOyC__/firefox-66.0.5+linuxmint1+tessa/ipc/chromium/src/chrome/common/ipc_channel_posix.cc, line 357
[Parent 4535, Gecko_IOThread] WARNING: pipe error (77): Connection reset by peer: file /build/firefox-SOyC__/firefox-66.0.5+linuxmint1+tessa/ipc/chromium/src/chrome/common/ipc_channel_posix.cc, line 357
1558476531448	Marionette	INFO	Stopped listening on port 44413
[Parent 3951, Gecko_IOThread] WARNING: pipe error (77): Connection reset by peer: file /build/firefox-SOyC__/firefox-66.0.5+linuxmint1+tessa/ipc/chromium/src/chrome/common/ipc_channel_posix.cc, line 357
[Parent 3951, Gecko_IOThread] WARNING: pipe error (94): Connection reset by peer: file /build/firefox-SOyC__/firefox-66.0.5+linuxmint1+tessa/ipc/chromium/src/chrome/common/ipc_channel_posix.cc, line 357
1558476533142	Marionette	INFO	Stopped listening on port 41569
1558476535064	mozrunner::runner	INFO	Running command: "/usr/bin/firefox" "-marionette" "-foreground" "-no-remote" "-profile" "/tmp/rust_mozprofile.icLRyVXK5ffA"
1558476535464	addons.webextension.screenshots@mozilla.org	WARN	Loading extension 'screenshots@mozilla.org': Reading manifest: Invalid extension permission: mozillaAddons
1558476535465	addons.webextension.screenshots@mozilla.org	WARN	Loading extension 'screenshots@mozilla.org': Reading manifest: Invalid extension permission: resource://pdf.js/
1558476535465	addons.webextension.screenshots@mozilla.org	WARN	Loading extension 'screenshots@mozilla.org': Reading manifest: Invalid extension permission: about:reader*
1558476535557	addons.xpi-utils	WARN	Add-on langpack-en-CA@firefox.mozilla.org is not compatible with application version.
1558476535558	addons.xpi-utils	WARN	Add-on langpack-en-CA@firefox.mozilla.org is not compatible with application version.
1558476535558	addons.xpi-utils	WARN	Add-on langpack-en-CA@firefox.mozilla.org is not compatible with application version.
1558476535564	addons.xpi-utils	WARN	Add-on langpack-en-ZA@firefox.mozilla.org is not compatible with application version.
1558476535564	addons.xpi-utils	WARN	Add-on langpack-en-ZA@firefox.mozilla.org is not compatible with application version.
1558476535565	addons.xpi-utils	WARN	Add-on langpack-en-ZA@firefox.mozilla.org is not compatible with application version.
1558476535571	addons.xpi-utils	WARN	Add-on langpack-en-GB@firefox.mozilla.org is not compatible with application version.
1558476535572	addons.xpi-utils	WARN	Add-on langpack-en-GB@firefox.mozilla.org is not compatible with application version.
1558476535572	addons.xpi-utils	WARN	Add-on langpack-en-GB@firefox.mozilla.org is not compatible with application version.
1558476537858	Marionette	INFO	Listening on port 42265
1558476537877	Marionette	WARN	TLS certificate errors will be ignored for this session

(/usr/lib/firefox/firefox:4927): dconf-WARNING **: 00:09:01.150: Unable to open /var/lib/flatpak/exports/share/dconf/profile/user: Permission denied
[Parent 4798, Gecko_IOThread] WARNING: pipe error (80): Connection reset by peer: file /build/firefox-SOyC__/firefox-66.0.5+linuxmint1+tessa/ipc/chromium/src/chrome/common/ipc_channel_posix.cc, line 357
[Parent 4798, Gecko_IOThread] WARNING: pipe error (77): Connection reset by peer: file /build/firefox-SOyC__/firefox-66.0.5+linuxmint1+tessa/ipc/chromium/src/chrome/common/ipc_channel_posix.cc, line 357
1558476580174	Marionette	INFO	Stopped listening on port 42265
1558476583968	mozrunner::runner	INFO	Running command: "/usr/bin/firefox" "-marionette" "-foreground" "-no-remote" "-profile" "/tmp/rust_mozprofile.xXXqeKC8mZDa"
1558476584363	addons.webextension.screenshots@mozilla.org	WARN	Loading extension 'screenshots@mozilla.org': Reading manifest: Invalid extension permission: mozillaAddons
1558476584363	addons.webextension.screenshots@mozilla.org	WARN	Loading extension 'screenshots@mozilla.org': Reading manifest: Invalid extension permission: resource://pdf.js/
1558476584364	addons.webextension.screenshots@mozilla.org	WARN	Loading extension 'screenshots@mozilla.org': Reading manifest: Invalid extension permission: about:reader*
1558476584458	addons.xpi-utils	WARN	Add-on langpack-en-CA@firefox.mozilla.org is not compatible with application version.
1558476584458	addons.xpi-utils	WARN	Add-on langpack-en-CA@firefox.mozilla.org is not compatible with application version.
1558476584458	addons.xpi-utils	WARN	Add-on langpack-en-CA@firefox.mozilla.org is not compatible with application version.
1558476584464	addons.xpi-utils	WARN	Add-on langpack-en-ZA@firefox.mozilla.org is not compatible with application version.
1558476584464	addons.xpi-utils	WARN	Add-on langpack-en-ZA@firefox.mozilla.org is not compatible with application version.
1558476584464	addons.xpi-utils	WARN	Add-on langpack-en-ZA@firefox.mozilla.org is not compatible with application version.
1558476584469	addons.xpi-utils	WARN	Add-on langpack-en-GB@firefox.mozilla.org is not compatible with application version.
1558476584469	addons.xpi-utils	WARN	Add-on langpack-en-GB@firefox.mozilla.org is not compatible with application version.
1558476584469	addons.xpi-utils	WARN	Add-on langpack-en-GB@firefox.mozilla.org is not compatible with application version.
1558476587142	Marionette	INFO	Listening on port 35885
1558476587184	Marionette	WARN	TLS certificate errors will be ignored for this session

(/usr/lib/firefox/firefox:5190): dconf-WARNING **: 00:09:51.696: Unable to open /var/lib/flatpak/exports/share/dconf/profile/user: Permission denied
[Parent 5057, Gecko_IOThread] WARNING: pipe error (77): Connection reset by peer: file /build/firefox-SOyC__/firefox-66.0.5+linuxmint1+tessa/ipc/chromium/src/chrome/common/ipc_channel_posix.cc, line 357
[Parent 5057, Gecko_IOThread] WARNING: pipe error (63): Connection reset by peer: file /build/firefox-SOyC__/firefox-66.0.5+linuxmint1+tessa/ipc/chromium/src/chrome/common/ipc_channel_posix.cc, line 357
1558476599176	Marionette	INFO	Stopped listening on port 35885
1558476604869	mozrunner::runner	INFO	Running command: "/usr/bin/firefox" "-marionette" "-foreground" "-no-remote" "-profile" "/tmp/rust_mozprofile.Yd1EsEmIvleG"
1558476605269	addons.webextension.screenshots@mozilla.org	WARN	Loading extension 'screenshots@mozilla.org': Reading manifest: Invalid extension permission: mozillaAddons
1558476605270	addons.webextension.screenshots@mozilla.org	WARN	Loading extension 'screenshots@mozilla.org': Reading manifest: Invalid extension permission: resource://pdf.js/
1558476605270	addons.webextension.screenshots@mozilla.org	WARN	Loading extension 'screenshots@mozilla.org': Reading manifest: Invalid extension permission: about:reader*
1558476605357	addons.xpi-utils	WARN	Add-on langpack-en-CA@firefox.mozilla.org is not compatible with application version.
1558476605357	addons.xpi-utils	WARN	Add-on langpack-en-CA@firefox.mozilla.org is not compatible with application version.
1558476605357	addons.xpi-utils	WARN	Add-on langpack-en-CA@firefox.mozilla.org is not compatible with application version.
1558476605362	addons.xpi-utils	WARN	Add-on langpack-en-ZA@firefox.mozilla.org is not compatible with application version.
1558476605362	addons.xpi-utils	WARN	Add-on langpack-en-ZA@firefox.mozilla.org is not compatible with application version.
1558476605363	addons.xpi-utils	WARN	Add-on langpack-en-ZA@firefox.mozilla.org is not compatible with application version.
1558476605368	addons.xpi-utils	WARN	Add-on langpack-en-GB@firefox.mozilla.org is not compatible with application version.
1558476605368	addons.xpi-utils	WARN	Add-on langpack-en-GB@firefox.mozilla.org is not compatible with application version.
1558476605368	addons.xpi-utils	WARN	Add-on langpack-en-GB@firefox.mozilla.org is not compatible with application version.
1558476607753	Marionette	INFO	Listening on port 40843
1558476607780	Marionette	WARN	TLS certificate errors will be ignored for this session

(/usr/lib/firefox/firefox:5447): dconf-WARNING **: 00:10:11.683: Unable to open /var/lib/flatpak/exports/share/dconf/profile/user: Permission denied
1558476846373	mozrunner::runner	INFO	Running command: "/usr/bin/firefox" "-marionette" "-foreground" "-no-remote" "-profile" "/tmp/rust_mozprofile.jmVpQxRSUnCC"
1558476846759	addons.webextension.screenshots@mozilla.org	WARN	Loading extension 'screenshots@mozilla.org': Reading manifest: Invalid extension permission: mozillaAddons
1558476846759	addons.webextension.screenshots@mozilla.org	WARN	Loading extension 'screenshots@mozilla.org': Reading manifest: Invalid extension permission: resource://pdf.js/
1558476846760	addons.webextension.screenshots@mozilla.org	WARN	Loading extension 'screenshots@mozilla.org': Reading manifest: Invalid extension permission: about:reader*
1558476846847	addons.xpi-utils	WARN	Add-on langpack-en-CA@firefox.mozilla.org is not compatible with application version.
1558476846847	addons.xpi-utils	WARN	Add-on langpack-en-CA@firefox.mozilla.org is not compatible with application version.
1558476846847	addons.xpi-utils	WARN	Add-on langpack-en-CA@firefox.mozilla.org is not compatible with application version.
1558476846854	addons.xpi-utils	WARN	Add-on langpack-en-ZA@firefox.mozilla.org is not compatible with application version.
1558476846854	addons.xpi-utils	WARN	Add-on langpack-en-ZA@firefox.mozilla.org is not compatible with application version.
1558476846854	addons.xpi-utils	WARN	Add-on langpack-en-ZA@firefox.mozilla.org is not compatible with application version.
1558476846859	addons.xpi-utils	WARN	Add-on langpack-en-GB@firefox.mozilla.org is not compatible with application version.
1558476846859	addons.xpi-utils	WARN	Add-on langpack-en-GB@firefox.mozilla.org is not compatible with application version.
1558476846860	addons.xpi-utils	WARN	Add-on langpack-en-GB@firefox.mozilla.org is not compatible with application version.
[Parent 5309, Gecko_IOThread] WARNING: pipe error (80): Connection reset by peer: file /build/firefox-SOyC__/firefox-66.0.5+linuxmint1+tessa/ipc/chromium/src/chrome/common/ipc_channel_posix.cc, line 357
1558476849209	Marionette	INFO	Stopped listening on port 40843
1558476849531	Marionette	INFO	Listening on port 46229
1558476849620	Marionette	WARN	TLS certificate errors will be ignored for this session

(/usr/lib/firefox/firefox:5786): dconf-WARNING **: 00:14:12.633: Unable to open /var/lib/flatpak/exports/share/dconf/profile/user: Permission denied
1558477040462	mozrunner::runner	INFO	Running command: "/usr/bin/firefox" "-marionette" "-foreground" "-no-remote" "-profile" "/tmp/rust_mozprofile.tit4dcQlr5C9"
1558477040854	addons.webextension.screenshots@mozilla.org	WARN	Loading extension 'screenshots@mozilla.org': Reading manifest: Invalid extension permission: mozillaAddons
1558477040855	addons.webextension.screenshots@mozilla.org	WARN	Loading extension 'screenshots@mozilla.org': Reading manifest: Invalid extension permission: resource://pdf.js/
1558477040855	addons.webextension.screenshots@mozilla.org	WARN	Loading extension 'screenshots@mozilla.org': Reading manifest: Invalid extension permission: about:reader*
1558477040945	addons.xpi-utils	WARN	Add-on langpack-en-CA@firefox.mozilla.org is not compatible with application version.
1558477040945	addons.xpi-utils	WARN	Add-on langpack-en-CA@firefox.mozilla.org is not compatible with application version.
1558477040946	addons.xpi-utils	WARN	Add-on langpack-en-CA@firefox.mozilla.org is not compatible with application version.
1558477040951	addons.xpi-utils	WARN	Add-on langpack-en-ZA@firefox.mozilla.org is not compatible with application version.
1558477040951	addons.xpi-utils	WARN	Add-on langpack-en-ZA@firefox.mozilla.org is not compatible with application version.
1558477040951	addons.xpi-utils	WARN	Add-on langpack-en-ZA@firefox.mozilla.org is not compatible with application version.
1558477040956	addons.xpi-utils	WARN	Add-on langpack-en-GB@firefox.mozilla.org is not compatible with application version.
1558477040956	addons.xpi-utils	WARN	Add-on langpack-en-GB@firefox.mozilla.org is not compatible with application version.
1558477040957	addons.xpi-utils	WARN	Add-on langpack-en-GB@firefox.mozilla.org is not compatible with application version.
1558477043415	Marionette	INFO	Listening on port 45603
1558477043474	Marionette	WARN	TLS certificate errors will be ignored for this session

(/usr/lib/firefox/firefox:6096): dconf-WARNING **: 00:17:27.927: Unable to open /var/lib/flatpak/exports/share/dconf/profile/user: Permission denied
[Parent 5968, Gecko_IOThread] WARNING: pipe error (77): Connection reset by peer: file /build/firefox-SOyC__/firefox-66.0.5+linuxmint1+tessa/ipc/chromium/src/chrome/common/ipc_channel_posix.cc, line 357
[Parent 5968, Gecko_IOThread] WARNING: pipe error (85): Connection reset by peer: file /build/firefox-SOyC__/firefox-66.0.5+linuxmint1+tessa/ipc/chromium/src/chrome/common/ipc_channel_posix.cc, line 357
[Parent 5968, Gecko_IOThread] WARNING: pipe error (118): Connection reset by peer: file /build/firefox-SOyC__/firefox-66.0.5+linuxmint1+tessa/ipc/chromium/src/chrome/common/ipc_channel_posix.cc, line 357
1558477050678	Marionette	INFO	Stopped listening on port 45603
1558477222217	mozrunner::runner	INFO	Running command: "/usr/bin/firefox" "-marionette" "-foreground" "-no-remote" "-profile" "/tmp/rust_mozprofile.3ShOBmYLLOfj"
1558477222949	addons.webextension.screenshots@mozilla.org	WARN	Loading extension 'screenshots@mozilla.org': Reading manifest: Invalid extension permission: mozillaAddons
1558477222949	addons.webextension.screenshots@mozilla.org	WARN	Loading extension 'screenshots@mozilla.org': Reading manifest: Invalid extension permission: resource://pdf.js/
1558477222949	addons.webextension.screenshots@mozilla.org	WARN	Loading extension 'screenshots@mozilla.org': Reading manifest: Invalid extension permission: about:reader*
1558477223037	addons.xpi-utils	WARN	Add-on langpack-en-CA@firefox.mozilla.org is not compatible with application version.
1558477223037	addons.xpi-utils	WARN	Add-on langpack-en-CA@firefox.mozilla.org is not compatible with application version.
1558477223038	addons.xpi-utils	WARN	Add-on langpack-en-CA@firefox.mozilla.org is not compatible with application version.
1558477223043	addons.xpi-utils	WARN	Add-on langpack-en-ZA@firefox.mozilla.org is not compatible with application version.
1558477223043	addons.xpi-utils	WARN	Add-on langpack-en-ZA@firefox.mozilla.org is not compatible with application version.
1558477223044	addons.xpi-utils	WARN	Add-on langpack-en-ZA@firefox.mozilla.org is not compatible with application version.
1558477223049	addons.xpi-utils	WARN	Add-on langpack-en-GB@firefox.mozilla.org is not compatible with application version.
1558477223049	addons.xpi-utils	WARN	Add-on langpack-en-GB@firefox.mozilla.org is not compatible with application version.
1558477223050	addons.xpi-utils	WARN	Add-on langpack-en-GB@firefox.mozilla.org is not compatible with application version.
1558477225602	Marionette	INFO	Listening on port 39733
1558477225635	Marionette	WARN	TLS certificate errors will be ignored for this session

(/usr/lib/firefox/firefox:6363): dconf-WARNING **: 00:20:29.859: Unable to open /var/lib/flatpak/exports/share/dconf/profile/user: Permission denied
1558477259942	Marionette	INFO	Stopped listening on port 39733
1558477263253	mozrunner::runner	INFO	Running command: "/usr/bin/firefox" "-marionette" "-foreground" "-no-remote" "-profile" "/tmp/rust_mozprofile.uSGy6NxoBgKd"
1558477263641	addons.webextension.screenshots@mozilla.org	WARN	Loading extension 'screenshots@mozilla.org': Reading manifest: Invalid extension permission: mozillaAddons
1558477263642	addons.webextension.screenshots@mozilla.org	WARN	Loading extension 'screenshots@mozilla.org': Reading manifest: Invalid extension permission: resource://pdf.js/
1558477263642	addons.webextension.screenshots@mozilla.org	WARN	Loading extension 'screenshots@mozilla.org': Reading manifest: Invalid extension permission: about:reader*
1558477263730	addons.xpi-utils	WARN	Add-on langpack-en-CA@firefox.mozilla.org is not compatible with application version.
1558477263730	addons.xpi-utils	WARN	Add-on langpack-en-CA@firefox.mozilla.org is not compatible with application version.
1558477263731	addons.xpi-utils	WARN	Add-on langpack-en-CA@firefox.mozilla.org is not compatible with application version.
1558477263736	addons.xpi-utils	WARN	Add-on langpack-en-ZA@firefox.mozilla.org is not compatible with application version.
1558477263736	addons.xpi-utils	WARN	Add-on langpack-en-ZA@firefox.mozilla.org is not compatible with application version.
1558477263737	addons.xpi-utils	WARN	Add-on langpack-en-ZA@firefox.mozilla.org is not compatible with application version.
1558477263741	addons.xpi-utils	WARN	Add-on langpack-en-GB@firefox.mozilla.org is not compatible with application version.
1558477263742	addons.xpi-utils	WARN	Add-on langpack-en-GB@firefox.mozilla.org is not compatible with application version.
1558477263742	addons.xpi-utils	WARN	Add-on langpack-en-GB@firefox.mozilla.org is not compatible with application version.
1558477266259	Marionette	INFO	Listening on port 46849
1558477266376	Marionette	WARN	TLS certificate errors will be ignored for this session

(/usr/lib/firefox/firefox:6631): dconf-WARNING **: 00:21:09.370: Unable to open /var/lib/flatpak/exports/share/dconf/profile/user: Permission denied
1558477304067	mozrunner::runner	INFO	Running command: "/usr/bin/firefox" "-marionette" "-foreground" "-no-remote" "-profile" "/tmp/rust_mozprofile.ykhlTBXpxBJX"
1558477304463	addons.webextension.screenshots@mozilla.org	WARN	Loading extension 'screenshots@mozilla.org': Reading manifest: Invalid extension permission: mozillaAddons
1558477304463	addons.webextension.screenshots@mozilla.org	WARN	Loading extension 'screenshots@mozilla.org': Reading manifest: Invalid extension permission: resource://pdf.js/
1558477304463	addons.webextension.screenshots@mozilla.org	WARN	Loading extension 'screenshots@mozilla.org': Reading manifest: Invalid extension permission: about:reader*
1558477304550	addons.xpi-utils	WARN	Add-on langpack-en-CA@firefox.mozilla.org is not compatible with application version.
1558477304550	addons.xpi-utils	WARN	Add-on langpack-en-CA@firefox.mozilla.org is not compatible with application version.
1558477304551	addons.xpi-utils	WARN	Add-on langpack-en-CA@firefox.mozilla.org is not compatible with application version.
1558477304556	addons.xpi-utils	WARN	Add-on langpack-en-ZA@firefox.mozilla.org is not compatible with application version.
1558477304557	addons.xpi-utils	WARN	Add-on langpack-en-ZA@firefox.mozilla.org is not compatible with application version.
1558477304557	addons.xpi-utils	WARN	Add-on langpack-en-ZA@firefox.mozilla.org is not compatible with application version.
1558477304561	addons.xpi-utils	WARN	Add-on langpack-en-GB@firefox.mozilla.org is not compatible with application version.
1558477304562	addons.xpi-utils	WARN	Add-on langpack-en-GB@firefox.mozilla.org is not compatible with application version.
1558477304562	addons.xpi-utils	WARN	Add-on langpack-en-GB@firefox.mozilla.org is not compatible with application version.
1558477306872	Marionette	INFO	Listening on port 39127
1558477306881	Marionette	WARN	TLS certificate errors will be ignored for this session

(/usr/lib/firefox/firefox:6869): dconf-WARNING **: 00:21:51.185: Unable to open /var/lib/flatpak/exports/share/dconf/profile/user: Permission denied
1558477425565	mozrunner::runner	INFO	Running command: "/usr/bin/firefox" "-marionette" "-foreground" "-no-remote" "-profile" "/tmp/rust_mozprofile.CFRGK3iGWXt7"
1558477425988	addons.webextension.screenshots@mozilla.org	WARN	Loading extension 'screenshots@mozilla.org': Reading manifest: Invalid extension permission: mozillaAddons
1558477425989	addons.webextension.screenshots@mozilla.org	WARN	Loading extension 'screenshots@mozilla.org': Reading manifest: Invalid extension permission: resource://pdf.js/
1558477425989	addons.webextension.screenshots@mozilla.org	WARN	Loading extension 'screenshots@mozilla.org': Reading manifest: Invalid extension permission: about:reader*
1558477426089	addons.xpi-utils	WARN	Add-on langpack-en-CA@firefox.mozilla.org is not compatible with application version.
1558477426089	addons.xpi-utils	WARN	Add-on langpack-en-CA@firefox.mozilla.org is not compatible with application version.
1558477426089	addons.xpi-utils	WARN	Add-on langpack-en-CA@firefox.mozilla.org is not compatible with application version.
1558477426096	addons.xpi-utils	WARN	Add-on langpack-en-ZA@firefox.mozilla.org is not compatible with application version.
1558477426096	addons.xpi-utils	WARN	Add-on langpack-en-ZA@firefox.mozilla.org is not compatible with application version.
1558477426096	addons.xpi-utils	WARN	Add-on langpack-en-ZA@firefox.mozilla.org is not compatible with application version.
1558477426101	addons.xpi-utils	WARN	Add-on langpack-en-GB@firefox.mozilla.org is not compatible with application version.
1558477426102	addons.xpi-utils	WARN	Add-on langpack-en-GB@firefox.mozilla.org is not compatible with application version.
1558477426103	addons.xpi-utils	WARN	Add-on langpack-en-GB@firefox.mozilla.org is not compatible with application version.
1558477429008	Marionette	INFO	Listening on port 44411
1558477429100	Marionette	WARN	TLS certificate errors will be ignored for this session

(/usr/lib/firefox/firefox:7215): dconf-WARNING **: 00:24:37.943: Unable to open /var/lib/flatpak/exports/share/dconf/profile/user: Permission denied
1558477568147	mozrunner::runner	INFO	Running command: "/usr/bin/firefox" "-marionette" "-foreground" "-no-remote" "-profile" "/tmp/rust_mozprofile.YcfOGhqZmfiw"
1558477568785	addons.webextension.screenshots@mozilla.org	WARN	Loading extension 'screenshots@mozilla.org': Reading manifest: Invalid extension permission: mozillaAddons
1558477568785	addons.webextension.screenshots@mozilla.org	WARN	Loading extension 'screenshots@mozilla.org': Reading manifest: Invalid extension permission: resource://pdf.js/
1558477568785	addons.webextension.screenshots@mozilla.org	WARN	Loading extension 'screenshots@mozilla.org': Reading manifest: Invalid extension permission: about:reader*
1558477568879	addons.xpi-utils	WARN	Add-on langpack-en-CA@firefox.mozilla.org is not compatible with application version.
1558477568879	addons.xpi-utils	WARN	Add-on langpack-en-CA@firefox.mozilla.org is not compatible with application version.
1558477568879	addons.xpi-utils	WARN	Add-on langpack-en-CA@firefox.mozilla.org is not compatible with application version.
1558477568886	addons.xpi-utils	WARN	Add-on langpack-en-ZA@firefox.mozilla.org is not compatible with application version.
1558477568886	addons.xpi-utils	WARN	Add-on langpack-en-ZA@firefox.mozilla.org is not compatible with application version.
1558477568886	addons.xpi-utils	WARN	Add-on langpack-en-ZA@firefox.mozilla.org is not compatible with application version.
1558477568892	addons.xpi-utils	WARN	Add-on langpack-en-GB@firefox.mozilla.org is not compatible with application version.
1558477568892	addons.xpi-utils	WARN	Add-on langpack-en-GB@firefox.mozilla.org is not compatible with application version.
1558477568893	addons.xpi-utils	WARN	Add-on langpack-en-GB@firefox.mozilla.org is not compatible with application version.
1558477573852	Marionette	INFO	Listening on port 44131
1558477573912	Marionette	WARN	TLS certificate errors will be ignored for this session
console.error: "Error while calling actor 'layout's method 'getGrids'" "node is null"
console.error: "getGrids@resource://devtools/server/actors/layout.js:455:11\ngetGrids@resource://devtools/server/actors/layout.js:460:38\nhandler@resource://devtools/shared/protocol.js:1206:21\nonPacket@resource://devtools/server/main.js:1286:15\nreceiveMessage@resource://devtools/shared/transport/child-transport.js:66:5\n"
console.error: "Error sending event: picker-node-picked"
console.error: "TypeError: this.walker is null: form@resource://devtools/server/actors/inspector/node.js:105:11\nwrite@resource://devtools/shared/protocol.js:356:44\nwrite@resource://devtools/shared/protocol.js:276:39\nwrite@resource://devtools/shared/protocol.js:517:12\nwrite@resource://devtools/shared/protocol.js:699:20\n_sendEvent@resource://devtools/shared/protocol.js:1023:16\ninitialize/<@resource://devtools/shared/protocol.js:1005:11\nemit@resource://devtools/shared/event-emitter.js:186:15\nemit@resource://devtools/shared/event-emitter.js:267:5\npick/this._onPick@resource://devtools/server/actors/highlighters.js:268:7\npick/this._onKey@resource://devtools/server/actors/highlighters.js:337:11\nevent.synthesizeKey@chrome://marionette/content/event.js:400:7\nevent.sendSingleKey@chrome://marionette/content/event.js:1038:3\nevent.sendKeysToElement@chrome://marionette/content/event.js:1055:5\nwebdriverSendKeysToElement@chrome://marionette/content/interaction.js:597:5\n"
TypeError: this.walker is null: form@resource://devtools/server/actors/inspector/node.js:105:11
write@resource://devtools/shared/protocol.js:356:44
write@resource://devtools/shared/protocol.js:276:39
write@resource://devtools/shared/protocol.js:517:12
write@resource://devtools/shared/protocol.js:699:20
_sendEvent@resource://devtools/shared/protocol.js:1023:16
initialize/<@resource://devtools/shared/protocol.js:1005:11
emit@resource://devtools/shared/event-emitter.js:186:15
emit@resource://devtools/shared/event-emitter.js:267:5
pick/this._onPick@resource://devtools/server/actors/highlighters.js:268:7
pick/this._onKey@resource://devtools/server/actors/highlighters.js:337:11
event.synthesizeKey@chrome://marionette/content/event.js:400:7
event.sendSingleKey@chrome://marionette/content/event.js:1038:3
event.sendKeysToElement@chrome://marionette/content/event.js:1055:5
webdriverSendKeysToElement@chrome://marionette/content/interaction.js:597:5

Handler function threw an exception: TypeError: this.walker is null
Stack: get conn@resource://devtools/server/actors/inspector/node.js:70:5
parent@resource://devtools/shared/protocol.js:832:5
destroy@resource://devtools/shared/protocol.js:935:20
destroy@resource://devtools/shared/protocol.js:1033:5
destroy@resource://devtools/server/actors/inspector/node.js:79:5
destroy@resource://devtools/shared/protocol.js:952:9
destroy@resource://devtools/shared/protocol.js:1033:5
destroy@resource://devtools/server/actors/inspector/walker.js:249:5
destroy@resource://devtools/shared/protocol.js:952:9
destroy@resource://devtools/shared/protocol.js:1033:5
destroy@resource://devtools/server/actors/inspector/inspector.js:87:5
destroy@resource://devtools/shared/protocol.js:952:9
_detach@resource://devtools/server/actors/targets/browsing-context.js:882:7
exit@resource://devtools/server/actors/targets/browsing-context.js:513:5
frameTargetPrototype.exit@resource://devtools/server/actors/targets/frame.js:80:3
destroy@resource://devtools/server/actors/targets/browsing-context.js:494:5
removeActor@resource://devtools/server/actors/common.js:67:7
APDestroy@resource://devtools/server/actors/common.js:29:7
onClosed/<@resource://devtools/server/main.js:1385:35
onClosed@resource://devtools/server/main.js:1385:5
close@resource://devtools/shared/transport/child-transport.js:62:5
close@resource://devtools/server/main.js:1013:7
onDisconnect<@resource://devtools/server/startup/frame.js:111:7
exports.makeInfallible/<@resource://devtools/shared/ThreadSafeDevToolsUtils.js:109:14
Line: 70, column: 5
console.error: "Handler function threw an exception: TypeError: this.walker is null\nStack: get conn@resource://devtools/server/actors/inspector/node.js:70:5\nparent@resource://devtools/shared/protocol.js:832:5\ndestroy@resource://devtools/shared/protocol.js:935:20\ndestroy@resource://devtools/shared/protocol.js:1033:5\ndestroy@resource://devtools/server/actors/inspector/node.js:79:5\ndestroy@resource://devtools/shared/protocol.js:952:9\ndestroy@resource://devtools/shared/protocol.js:1033:5\ndestroy@resource://devtools/server/actors/inspector/walker.js:249:5\ndestroy@resource://devtools/shared/protocol.js:952:9\ndestroy@resource://devtools/shared/protocol.js:1033:5\ndestroy@resource://devtools/server/actors/inspector/inspector.js:87:5\ndestroy@resource://devtools/shared/protocol.js:952:9\n_detach@resource://devtools/server/actors/targets/browsing-context.js:882:7\nexit@resource://devtools/server/actors/targets/browsing-context.js:513:5\nframeTargetPrototype.exit@resource://devtools/server/actors/targets/frame.js:80:3\ndestroy@resource://devtools/server/actors/targets/browsing-context.js:494:5\nremoveActor@resource://devtools/server/actors/common.js:67:7\nAPDestroy@resource://devtools/server/actors/common.js:29:7\nonClosed/<@resource://devtools/server/main.js:1385:35\nonClosed@resource://devtools/server/main.js:1385:5\nclose@resource://devtools/shared/transport/child-transport.js:62:5\nclose@resource://devtools/server/main.js:1013:7\nonDisconnect<@resource://devtools/server/startup/frame.js:111:7\nexports.makeInfallible/<@resource://devtools/shared/ThreadSafeDevToolsUtils.js:109:14\nLine: 70, column: 5"
1558477648602	Marionette	INFO	Stopped listening on port 46849
1558477649695	Marionette	INFO	Stopped listening on port 39127
1558477674403	mozrunner::runner	INFO	Running command: "/usr/bin/firefox" "-marionette" "-foreground" "-no-remote" "-profile" "/tmp/rust_mozprofile.b4zBOSaYZ5MB"
1558477676463	addons.webextension.screenshots@mozilla.org	WARN	Loading extension 'screenshots@mozilla.org': Reading manifest: Invalid extension permission: mozillaAddons
1558477676464	addons.webextension.screenshots@mozilla.org	WARN	Loading extension 'screenshots@mozilla.org': Reading manifest: Invalid extension permission: resource://pdf.js/
1558477676464	addons.webextension.screenshots@mozilla.org	WARN	Loading extension 'screenshots@mozilla.org': Reading manifest: Invalid extension permission: about:reader*
1558477676770	addons.xpi-utils	WARN	Add-on langpack-en-CA@firefox.mozilla.org is not compatible with application version.
1558477676771	addons.xpi-utils	WARN	Add-on langpack-en-CA@firefox.mozilla.org is not compatible with application version.
1558477676771	addons.xpi-utils	WARN	Add-on langpack-en-CA@firefox.mozilla.org is not compatible with application version.
1558477676855	addons.xpi-utils	WARN	Add-on langpack-en-ZA@firefox.mozilla.org is not compatible with application version.
1558477676856	addons.xpi-utils	WARN	Add-on langpack-en-ZA@firefox.mozilla.org is not compatible with application version.
1558477676856	addons.xpi-utils	WARN	Add-on langpack-en-ZA@firefox.mozilla.org is not compatible with application version.
1558477676874	addons.xpi-utils	WARN	Add-on langpack-en-GB@firefox.mozilla.org is not compatible with application version.
1558477676875	addons.xpi-utils	WARN	Add-on langpack-en-GB@firefox.mozilla.org is not compatible with application version.
1558477676875	addons.xpi-utils	WARN	Add-on langpack-en-GB@firefox.mozilla.org is not compatible with application version.
1558477680557	Marionette	INFO	Listening on port 42585
1558477680566	Marionette	WARN	TLS certificate errors will be ignored for this session

(/usr/lib/firefox/firefox:8129): dconf-WARNING **: 00:28:09.818: Unable to open /var/lib/flatpak/exports/share/dconf/profile/user: Permission denied
[Parent 7941, Gecko_IOThread] WARNING: pipe error (80): Connection reset by peer: file /build/firefox-SOyC__/firefox-66.0.5+linuxmint1+tessa/ipc/chromium/src/chrome/common/ipc_channel_posix.cc, line 357
[Parent 7941, Gecko_IOThread] WARNING: pipe error (78): Connection reset by peer: file /build/firefox-SOyC__/firefox-66.0.5+linuxmint1+tessa/ipc/chromium/src/chrome/common/ipc_channel_posix.cc, line 357
1558477765703	Marionette	INFO	Stopped listening on port 42585
1558477833611	mozrunner::runner	INFO	Running command: "/usr/bin/firefox" "-marionette" "-foreground" "-no-remote" "-profile" "/tmp/rust_mozprofile.n1It46HqRWy6"
1558477834033	addons.webextension.screenshots@mozilla.org	WARN	Loading extension 'screenshots@mozilla.org': Reading manifest: Invalid extension permission: mozillaAddons
1558477834033	addons.webextension.screenshots@mozilla.org	WARN	Loading extension 'screenshots@mozilla.org': Reading manifest: Invalid extension permission: resource://pdf.js/
1558477834033	addons.webextension.screenshots@mozilla.org	WARN	Loading extension 'screenshots@mozilla.org': Reading manifest: Invalid extension permission: about:reader*
1558477834122	addons.xpi-utils	WARN	Add-on langpack-en-CA@firefox.mozilla.org is not compatible with application version.
1558477834122	addons.xpi-utils	WARN	Add-on langpack-en-CA@firefox.mozilla.org is not compatible with application version.
1558477834122	addons.xpi-utils	WARN	Add-on langpack-en-CA@firefox.mozilla.org is not compatible with application version.
1558477834128	addons.xpi-utils	WARN	Add-on langpack-en-ZA@firefox.mozilla.org is not compatible with application version.
1558477834128	addons.xpi-utils	WARN	Add-on langpack-en-ZA@firefox.mozilla.org is not compatible with application version.
1558477834129	addons.xpi-utils	WARN	Add-on langpack-en-ZA@firefox.mozilla.org is not compatible with application version.
1558477834133	addons.xpi-utils	WARN	Add-on langpack-en-GB@firefox.mozilla.org is not compatible with application version.
1558477834133	addons.xpi-utils	WARN	Add-on langpack-en-GB@firefox.mozilla.org is not compatible with application version.
1558477834134	addons.xpi-utils	WARN	Add-on langpack-en-GB@firefox.mozilla.org is not compatible with application version.
1558477836393	Marionette	INFO	Listening on port 37335
1558477836433	Marionette	WARN	TLS certificate errors will be ignored for this session
[Parent 8270, Gecko_IOThread] WARNING: pipe error (77): Connection reset by peer: file /build/firefox-SOyC__/firefox-66.0.5+linuxmint1+tessa/ipc/chromium/src/chrome/common/ipc_channel_posix.cc, line 357
[Parent 8270, Gecko_IOThread] WARNING: pipe error (80): Connection reset by peer: file /build/firefox-SOyC__/firefox-66.0.5+linuxmint1+tessa/ipc/chromium/src/chrome/common/ipc_channel_posix.cc, line 357
1558477853070	Marionette	INFO	Stopped listening on port 37335
1558477886394	mozrunner::runner	INFO	Running command: "/usr/bin/firefox" "-marionette" "-foreground" "-no-remote" "-profile" "/tmp/rust_mozprofile.HnqvtxGZshj1"
1558477886784	addons.webextension.screenshots@mozilla.org	WARN	Loading extension 'screenshots@mozilla.org': Reading manifest: Invalid extension permission: mozillaAddons
1558477886785	addons.webextension.screenshots@mozilla.org	WARN	Loading extension 'screenshots@mozilla.org': Reading manifest: Invalid extension permission: resource://pdf.js/
1558477886785	addons.webextension.screenshots@mozilla.org	WARN	Loading extension 'screenshots@mozilla.org': Reading manifest: Invalid extension permission: about:reader*
1558477886871	addons.xpi-utils	WARN	Add-on langpack-en-CA@firefox.mozilla.org is not compatible with application version.
1558477886872	addons.xpi-utils	WARN	Add-on langpack-en-CA@firefox.mozilla.org is not compatible with application version.
1558477886872	addons.xpi-utils	WARN	Add-on langpack-en-CA@firefox.mozilla.org is not compatible with application version.
1558477886878	addons.xpi-utils	WARN	Add-on langpack-en-ZA@firefox.mozilla.org is not compatible with application version.
1558477886878	addons.xpi-utils	WARN	Add-on langpack-en-ZA@firefox.mozilla.org is not compatible with application version.
1558477886878	addons.xpi-utils	WARN	Add-on langpack-en-ZA@firefox.mozilla.org is not compatible with application version.
1558477886882	addons.xpi-utils	WARN	Add-on langpack-en-GB@firefox.mozilla.org is not compatible with application version.
1558477886883	addons.xpi-utils	WARN	Add-on langpack-en-GB@firefox.mozilla.org is not compatible with application version.
1558477886883	addons.xpi-utils	WARN	Add-on langpack-en-GB@firefox.mozilla.org is not compatible with application version.
1558477889158	Marionette	INFO	Listening on port 45955
1558477889209	Marionette	WARN	TLS certificate errors will be ignored for this session

(/usr/lib/firefox/firefox:8667): dconf-WARNING **: 00:31:32.477: Unable to open /var/lib/flatpak/exports/share/dconf/profile/user: Permission denied
JavaScript error: resource://gre/modules/WebProgressChild.jsm, line 61: TypeError: this.mm.content is null
1558477921403	Marionette	INFO	Stopped listening on port 45955
1558477936234	mozrunner::runner	INFO	Running command: "/usr/bin/firefox" "-marionette" "-private" "-foreground" "-no-remote" "-profile" "/tmp/rust_mozprofile.7cxThXB4f9NP"
1558477939986	addons.webextension.screenshots@mozilla.org	WARN	Loading extension 'screenshots@mozilla.org': Reading manifest: Invalid extension permission: mozillaAddons
1558477939987	addons.webextension.screenshots@mozilla.org	WARN	Loading extension 'screenshots@mozilla.org': Reading manifest: Invalid extension permission: resource://pdf.js/
1558477939987	addons.webextension.screenshots@mozilla.org	WARN	Loading extension 'screenshots@mozilla.org': Reading manifest: Invalid extension permission: about:reader*
1558477940105	addons.xpi-utils	WARN	Add-on langpack-en-CA@firefox.mozilla.org is not compatible with application version.
1558477940105	addons.xpi-utils	WARN	Add-on langpack-en-CA@firefox.mozilla.org is not compatible with application version.
1558477940106	addons.xpi-utils	WARN	Add-on langpack-en-CA@firefox.mozilla.org is not compatible with application version.
1558477940113	addons.xpi-utils	WARN	Add-on langpack-en-ZA@firefox.mozilla.org is not compatible with application version.
1558477940113	addons.xpi-utils	WARN	Add-on langpack-en-ZA@firefox.mozilla.org is not compatible with application version.
1558477940114	addons.xpi-utils	WARN	Add-on langpack-en-ZA@firefox.mozilla.org is not compatible with application version.
1558477940151	addons.xpi-utils	WARN	Add-on langpack-en-GB@firefox.mozilla.org is not compatible with application version.
1558477940151	addons.xpi-utils	WARN	Add-on langpack-en-GB@firefox.mozilla.org is not compatible with application version.
1558477940152	addons.xpi-utils	WARN	Add-on langpack-en-GB@firefox.mozilla.org is not compatible with application version.
JavaScript error: chrome://browser/content/aboutPrivateBrowsing.js, line 11: ReferenceError: RPMIsWindowPrivate is not defined
1558477945659	Marionette	INFO	Listening on port 44833
1558477945672	Marionette	WARN	TLS certificate errors will be ignored for this session

(/usr/lib/firefox/firefox:9006): dconf-WARNING **: 00:32:31.364: Unable to open /var/lib/flatpak/exports/share/dconf/profile/user: Permission denied
[Parent 8818, Gecko_IOThread] WARNING: pipe error (77): Connection reset by peer: file /build/firefox-SOyC__/firefox-66.0.5+linuxmint1+tessa/ipc/chromium/src/chrome/common/ipc_channel_posix.cc, line 357
JavaScript error: resource://gre/modules/WebProgressChild.jsm, line 61: TypeError: this.mm.content is null
1558477990990	Marionette	INFO	Stopped listening on port 44833
1558478084206	mozrunner::runner	INFO	Running command: "/usr/bin/firefox" "-marionette" "-private" "-foreground" "-no-remote" "-profile" "/tmp/rust_mozprofile.pBubH1WEIpgp"
1558478087042	addons.webextension.screenshots@mozilla.org	WARN	Loading extension 'screenshots@mozilla.org': Reading manifest: Invalid extension permission: mozillaAddons
1558478087042	addons.webextension.screenshots@mozilla.org	WARN	Loading extension 'screenshots@mozilla.org': Reading manifest: Invalid extension permission: resource://pdf.js/
1558478087042	addons.webextension.screenshots@mozilla.org	WARN	Loading extension 'screenshots@mozilla.org': Reading manifest: Invalid extension permission: about:reader*
1558478087161	addons.xpi-utils	WARN	Add-on langpack-en-CA@firefox.mozilla.org is not compatible with application version.
1558478087161	addons.xpi-utils	WARN	Add-on langpack-en-CA@firefox.mozilla.org is not compatible with application version.
1558478087161	addons.xpi-utils	WARN	Add-on langpack-en-CA@firefox.mozilla.org is not compatible with application version.
1558478087167	addons.xpi-utils	WARN	Add-on langpack-en-ZA@firefox.mozilla.org is not compatible with application version.
1558478087168	addons.xpi-utils	WARN	Add-on langpack-en-ZA@firefox.mozilla.org is not compatible with application version.
1558478087168	addons.xpi-utils	WARN	Add-on langpack-en-ZA@firefox.mozilla.org is not compatible with application version.
1558478087173	addons.xpi-utils	WARN	Add-on langpack-en-GB@firefox.mozilla.org is not compatible with application version.
1558478087174	addons.xpi-utils	WARN	Add-on langpack-en-GB@firefox.mozilla.org is not compatible with application version.
1558478087174	addons.xpi-utils	WARN	Add-on langpack-en-GB@firefox.mozilla.org is not compatible with application version.
JavaScript error: chrome://browser/content/aboutPrivateBrowsing.js, line 11: ReferenceError: RPMIsWindowPrivate is not defined
1558478091215	Marionette	INFO	Listening on port 38931
1558478091268	Marionette	WARN	TLS certificate errors will be ignored for this session

(/usr/lib/firefox/firefox:9930): dconf-WARNING **: 00:34:55.123: Unable to open /var/lib/flatpak/exports/share/dconf/profile/user: Permission denied
1558478096459	mozrunner::runner	INFO	Running command: "/usr/bin/firefox" "-marionette" "-private" "-foreground" "-no-remote" "-profile" "/tmp/rust_mozprofile.XrRkUEp790vp"
1558478096919	addons.webextension.screenshots@mozilla.org	WARN	Loading extension 'screenshots@mozilla.org': Reading manifest: Invalid extension permission: mozillaAddons
1558478096920	addons.webextension.screenshots@mozilla.org	WARN	Loading extension 'screenshots@mozilla.org': Reading manifest: Invalid extension permission: resource://pdf.js/
1558478096920	addons.webextension.screenshots@mozilla.org	WARN	Loading extension 'screenshots@mozilla.org': Reading manifest: Invalid extension permission: about:reader*
1558478097024	addons.xpi-utils	WARN	Add-on langpack-en-CA@firefox.mozilla.org is not compatible with application version.
1558478097034	addons.xpi-utils	WARN	Add-on langpack-en-CA@firefox.mozilla.org is not compatible with application version.
1558478097035	addons.xpi-utils	WARN	Add-on langpack-en-CA@firefox.mozilla.org is not compatible with application version.
1558478097041	addons.xpi-utils	WARN	Add-on langpack-en-ZA@firefox.mozilla.org is not compatible with application version.
1558478097041	addons.xpi-utils	WARN	Add-on langpack-en-ZA@firefox.mozilla.org is not compatible with application version.
1558478097041	addons.xpi-utils	WARN	Add-on langpack-en-ZA@firefox.mozilla.org is not compatible with application version.
1558478097049	addons.xpi-utils	WARN	Add-on langpack-en-GB@firefox.mozilla.org is not compatible with application version.
1558478097050	addons.xpi-utils	WARN	Add-on langpack-en-GB@firefox.mozilla.org is not compatible with application version.
1558478097050	addons.xpi-utils	WARN	Add-on langpack-en-GB@firefox.mozilla.org is not compatible with application version.
JavaScript error: chrome://browser/content/aboutPrivateBrowsing.js, line 11: ReferenceError: RPMIsWindowPrivate is not defined
1558478100242	Marionette	INFO	Listening on port 37541
1558478100283	Marionette	WARN	TLS certificate errors will be ignored for this session

(/usr/lib/firefox/firefox:10177): dconf-WARNING **: 00:35:04.566: Unable to open /var/lib/flatpak/exports/share/dconf/profile/user: Permission denied
JavaScript error: resource:///modules/FaviconLoader.jsm, line 477: NS_ERROR_ILLEGAL_VALUE
1558478114259	Marionette	INFO	Stopped listening on port 37541

###!!! [Parent][RunMessage] Error: Channel closing: too late to send/recv, messages will be lost

[Parent 9732, Gecko_IOThread] WARNING: pipe error (88): Connection reset by peer: file /build/firefox-SOyC__/firefox-66.0.5+linuxmint1+tessa/ipc/chromium/src/chrome/common/ipc_channel_posix.cc, line 357
JavaScript error: resource://gre/modules/WebProgressChild.jsm, line 61: TypeError: this.mm.content is null
1558478129068	Marionette	INFO	Stopped listening on port 38931
1558478137432	mozrunner::runner	INFO	Running command: "/usr/bin/firefox" "-marionette" "-private" "-foreground" "-no-remote" "-profile" "/tmp/rust_mozprofile.EbuyUhRI9pfk"
1558478141439	addons.webextension.screenshots@mozilla.org	WARN	Loading extension 'screenshots@mozilla.org': Reading manifest: Invalid extension permission: mozillaAddons
1558478141440	addons.webextension.screenshots@mozilla.org	WARN	Loading extension 'screenshots@mozilla.org': Reading manifest: Invalid extension permission: resource://pdf.js/
1558478141440	addons.webextension.screenshots@mozilla.org	WARN	Loading extension 'screenshots@mozilla.org': Reading manifest: Invalid extension permission: about:reader*
1558478141559	addons.xpi-utils	WARN	Add-on langpack-en-CA@firefox.mozilla.org is not compatible with application version.
1558478141560	addons.xpi-utils	WARN	Add-on langpack-en-CA@firefox.mozilla.org is not compatible with application version.
1558478141560	addons.xpi-utils	WARN	Add-on langpack-en-CA@firefox.mozilla.org is not compatible with application version.
1558478141567	addons.xpi-utils	WARN	Add-on langpack-en-ZA@firefox.mozilla.org is not compatible with application version.
1558478141567	addons.xpi-utils	WARN	Add-on langpack-en-ZA@firefox.mozilla.org is not compatible with application version.
1558478141591	addons.xpi-utils	WARN	Add-on langpack-en-ZA@firefox.mozilla.org is not compatible with application version.
1558478141598	addons.xpi-utils	WARN	Add-on langpack-en-GB@firefox.mozilla.org is not compatible with application version.
1558478141598	addons.xpi-utils	WARN	Add-on langpack-en-GB@firefox.mozilla.org is not compatible with application version.
1558478141607	addons.xpi-utils	WARN	Add-on langpack-en-GB@firefox.mozilla.org is not compatible with application version.
JavaScript error: chrome://browser/content/aboutPrivateBrowsing.js, line 11: ReferenceError: RPMIsWindowPrivate is not defined
1558478146690	Marionette	INFO	Listening on port 42715
1558478146825	Marionette	WARN	TLS certificate errors will be ignored for this session

(/usr/lib/firefox/firefox:10527): dconf-WARNING **: 00:35:51.150: Unable to open /var/lib/flatpak/exports/share/dconf/profile/user: Permission denied
1558478151506	mozrunner::runner	INFO	Running command: "/usr/bin/firefox" "-marionette" "-private" "-foreground" "-no-remote" "-profile" "/tmp/rust_mozprofile.MMC7ib4ZYfoC"
1558478151951	addons.webextension.screenshots@mozilla.org	WARN	Loading extension 'screenshots@mozilla.org': Reading manifest: Invalid extension permission: mozillaAddons
1558478151952	addons.webextension.screenshots@mozilla.org	WARN	Loading extension 'screenshots@mozilla.org': Reading manifest: Invalid extension permission: resource://pdf.js/
1558478151952	addons.webextension.screenshots@mozilla.org	WARN	Loading extension 'screenshots@mozilla.org': Reading manifest: Invalid extension permission: about:reader*
1558478152052	addons.xpi-utils	WARN	Add-on langpack-en-CA@firefox.mozilla.org is not compatible with application version.
1558478152052	addons.xpi-utils	WARN	Add-on langpack-en-CA@firefox.mozilla.org is not compatible with application version.
1558478152053	addons.xpi-utils	WARN	Add-on langpack-en-CA@firefox.mozilla.org is not compatible with application version.
1558478152058	addons.xpi-utils	WARN	Add-on langpack-en-ZA@firefox.mozilla.org is not compatible with application version.
1558478152058	addons.xpi-utils	WARN	Add-on langpack-en-ZA@firefox.mozilla.org is not compatible with application version.
1558478152059	addons.xpi-utils	WARN	Add-on langpack-en-ZA@firefox.mozilla.org is not compatible with application version.
1558478152063	addons.xpi-utils	WARN	Add-on langpack-en-GB@firefox.mozilla.org is not compatible with application version.
1558478152064	addons.xpi-utils	WARN	Add-on langpack-en-GB@firefox.mozilla.org is not compatible with application version.
1558478152064	addons.xpi-utils	WARN	Add-on langpack-en-GB@firefox.mozilla.org is not compatible with application version.
JavaScript error: chrome://browser/content/aboutPrivateBrowsing.js, line 11: ReferenceError: RPMIsWindowPrivate is not defined
1558478155044	Marionette	INFO	Listening on port 44783
1558478155133	Marionette	WARN	TLS certificate errors will be ignored for this session

(/usr/lib/firefox/firefox:10760): dconf-WARNING **: 00:35:58.693: Unable to open /var/lib/flatpak/exports/share/dconf/profile/user: Permission denied
JavaScript error: resource://gre/modules/WebProgressChild.jsm, line 61: TypeError: this.mm.content is null
IPDL protocol error: Handler returned error code!

###!!! [Parent][DispatchAsyncMessage] Error: PLayerTransaction::Msg_ReleaseLayer Processing error: message was deserialized, but the handler returned false (indicating failure)

IPDL protocol error: Handler returned error code!

###!!! [Parent][DispatchAsyncMessage] Error: PLayerTransaction::Msg_ReleaseLayer Processing error: message was deserialized, but the handler returned false (indicating failure)

IPDL protocol error: Handler returned error code!

###!!! [Parent][DispatchAsyncMessage] Error: PLayerTransaction::Msg_ReleaseLayer Processing error: message was deserialized, but the handler returned false (indicating failure)

IPDL protocol error: Handler returned error code!

###!!! [Parent][DispatchAsyncMessage] Error: PLayerTransaction::Msg_ReleaseLayer Processing error: message was deserialized, but the handler returned false (indicating failure)

[Child 10760, Chrome_ChildThread] WARNING: pipe error: Broken pipe: file /build/firefox-SOyC__/firefox-66.0.5+linuxmint1+tessa/ipc/chromium/src/chrome/common/ipc_channel_posix.cc, line 726
IPDL protocol error: Handler returned error code!

###!!! [Parent][DispatchAsyncMessage] Error: PLayerTransaction::Msg_ReleaseLayer Processing error: message was deserialized, but the handler returned false (indicating failure)


###!!! [Parent][RunMessage] Error: Channel error: cannot send/recv


###!!! [Parent][RunMessage] Error: Channel error: cannot send/recv


###!!! [Parent][RunMessage] Error: Channel error: cannot send/recv


###!!! [Parent][RunMessage] Error: Channel error: cannot send/recv


###!!! [Parent][MessageChannel] Error: (msgtype=0x2000C,name=PAPZ::Msg_Destroy) Channel error: cannot send/recv

[Parent 10333, Gecko_IOThread] WARNING: pipe error (77): Connection reset by peer: file /build/firefox-SOyC__/firefox-66.0.5+linuxmint1+tessa/ipc/chromium/src/chrome/common/ipc_channel_posix.cc, line 357
JavaScript error: resource://gre/modules/WebProgressChild.jsm, line 61: TypeError: this.mm.content is null
1558478167114	Marionette	INFO	Stopped listening on port 44783
1558478167649	Marionette	INFO	Stopped listening on port 42715
